Using model from: /Users/benediction/Desktop/doc/mt-platform/pre_models/yolo11m.pt
Loading model...
Model loaded: task=detect, classes={0: 'person', 1: 'bicycle', 2: 'car', 3: 'motorcycle', 4: 'airplane', 5: 'bus', 6: 'train', 7: 'truck', 8: 'boat', 9: 'traffic light', 10: 'fire hydrant', 11: 'stop sign', 12: 'parking meter', 13: 'bench', 14: 'bird', 15: 'cat', 16: 'dog', 17: 'horse', 18: 'sheep', 19: 'cow', 20: 'elephant', 21: 'bear', 22: 'zebra', 23: 'giraffe', 24: 'backpack', 25: 'umbrella', 26: 'handbag', 27: 'tie', 28: 'suitcase', 29: 'frisbee', 30: 'skis', 31: 'snowboard', 32: 'sports ball', 33: 'kite', 34: 'baseball bat', 35: 'baseball glove', 36: 'skateboard', 37: 'surfboard', 38: 'tennis racket', 39: 'bottle', 40: 'wine glass', 41: 'cup', 42: 'fork', 43: 'knife', 44: 'spoon', 45: 'bowl', 46: 'banana', 47: 'apple', 48: 'sandwich', 49: 'orange', 50: 'broccoli', 51: 'carrot', 52: 'hot dog', 53: 'pizza', 54: 'donut', 55: 'cake', 56: 'chair', 57: 'couch', 58: 'potted plant', 59: 'bed', 60: 'dining table', 61: 'toilet', 62: 'tv', 63: 'laptop', 64: 'mouse', 65: 'remote', 66: 'keyboard', 67: 'cell phone', 68: 'microwave', 69: 'oven', 70: 'toaster', 71: 'sink', 72: 'refrigerator', 73: 'book', 74: 'clock', 75: 'vase', 76: 'scissors', 77: 'teddy bear', 78: 'hair drier', 79: 'toothbrush'}
auto_resume enabled but no last.pt found, starting fresh
Starting training: /Users/benediction/Desktop/doc/mt-platform/uploads/admin/training_datasets/archive/data.yaml
New https://pypi.org/project/ultralytics/8.4.92 available 😃 Update with 'pip install -U ultralytics'
Ultralytics 8.3.222 🚀 Python-3.11.9 torch-2.12.1 CPU (Apple M2)
[34m[1mengine/trainer: [0magnostic_nms=False, amp=True, augment=False, auto_augment=randaugment, batch=2, bgr=0.0, box=7.5, cache=False, cfg=None, classes=None, close_mosaic=10, cls=0.5, compile=False, conf=None, copy_paste=0.0, copy_paste_mode=flip, cos_lr=False, cutmix=0.0, data=/Users/benediction/Desktop/doc/mt-platform/uploads/admin/training_datasets/archive/data.yaml, degrees=0.0, deterministic=True, device=cpu, dfl=1.5, dnn=False, dropout=0.0, dynamic=False, embed=None, epochs=100, erasing=0.4, exist_ok=True, fliplr=0.5, flipud=0.0, format=torchscript, fraction=1.0, freeze=None, half=False, hsv_h=0.015, hsv_s=0.7, hsv_v=0.4, imgsz=640, int8=False, iou=0.7, keras=False, kobj=1.0, line_width=None, lr0=0.01, lrf=0.01, mask_ratio=4, max_det=300, mixup=0.0, mode=train, model=/Users/benediction/Desktop/doc/mt-platform/pre_models/yolo11m.pt, momentum=0.937, mosaic=1.0, multi_scale=False, name=train_1783828773, nbs=64, nms=False, opset=None, optimize=False, optimizer=SGD, overlap_mask=True, patience=100, perspective=0.0, plots=True, pose=12.0, pretrained=True, profile=False, project=/Users/benediction/Desktop/doc/mt-platform/runs/admin/train, rect=False, resume=False, retina_masks=False, save=True, save_conf=False, save_crop=False, save_dir=/Users/benediction/Desktop/doc/mt-platform/runs/admin/train/train_1783828773, save_frames=False, save_json=False, save_period=-1, save_txt=False, scale=0.5, seed=0, shear=0.0, show=False, show_boxes=True, show_conf=True, show_labels=True, simplify=True, single_cls=False, source=None, split=val, stream_buffer=False, task=detect, time=None, tracker=botsort.yaml, translate=0.1, val=True, verbose=True, vid_stride=1, visualize=False, warmup_bias_lr=0.1, warmup_epochs=3.0, warmup_momentum=0.8, weight_decay=0.0005, workers=8, workspace=None
Overriding model.yaml nc=80 with nc=3

                   from  n    params  module                                       arguments                     
  0                  -1  1      1856  ultralytics.nn.modules.conv.Conv             [3, 64, 3, 2]                 
  1                  -1  1     73984  ultralytics.nn.modules.conv.Conv             [64, 128, 3, 2]               
  2                  -1  1    111872  ultralytics.nn.modules.block.C3k2            [128, 256, 1, True, 0.25]     
  3                  -1  1    590336  ultralytics.nn.modules.conv.Conv             [256, 256, 3, 2]              
  4                  -1  1    444928  ultralytics.nn.modules.block.C3k2            [256, 512, 1, True, 0.25]     
  5                  -1  1   2360320  ultralytics.nn.modules.conv.Conv             [512, 512, 3, 2]              
  6                  -1  1   1380352  ultralytics.nn.modules.block.C3k2            [512, 512, 1, True]           
  7                  -1  1   2360320  ultralytics.nn.modules.conv.Conv             [512, 512, 3, 2]              
  8                  -1  1   1380352  ultralytics.nn.modules.block.C3k2            [512, 512, 1, True]           
  9                  -1  1    656896  ultralytics.nn.modules.block.SPPF            [512, 512, 5]                 
 10                  -1  1    990976  ultralytics.nn.modules.block.C2PSA           [512, 512, 1]                 
 11                  -1  1         0  torch.nn.modules.upsampling.Upsample         [None, 2, 'nearest']          
 12             [-1, 6]  1         0  ultralytics.nn.modules.conv.Concat           [1]                           
 13                  -1  1   1642496  ultralytics.nn.modules.block.C3k2            [1024, 512, 1, True]          
 14                  -1  1         0  torch.nn.modules.upsampling.Upsample         [None, 2, 'nearest']          
 15             [-1, 4]  1         0  ultralytics.nn.modules.conv.Concat           [1]                           
 16                  -1  1    542720  ultralytics.nn.modules.block.C3k2            [1024, 256, 1, True]          
 17                  -1  1    590336  ultralytics.nn.modules.conv.Conv             [256, 256, 3, 2]              
 18            [-1, 13]  1         0  ultralytics.nn.modules.conv.Concat           [1]                           
 19                  -1  1   1511424  ultralytics.nn.modules.block.C3k2            [768, 512, 1, True]           
 20                  -1  1   2360320  ultralytics.nn.modules.conv.Conv             [512, 512, 3, 2]              
 21            [-1, 10]  1         0  ultralytics.nn.modules.conv.Concat           [1]                           
 22                  -1  1   1642496  ultralytics.nn.modules.block.C3k2            [1024, 512, 1, True]          
 23        [16, 19, 22]  1   1413337  ultralytics.nn.modules.head.Detect           [3, [256, 512, 512]]          
YOLO11m summary: 231 layers, 20,055,321 parameters, 20,055,305 gradients, 68.2 GFLOPs

Transferred 643/649 items from pretrained weights
Freezing layer 'model.23.dfl.conv.weight'
[34m[1mtrain: [0mFast image access ✅ (ping: 0.0±0.0 ms, read: 560.6±205.1 MB/s, size: 229.4 KB)
[K[34m[1mtrain: [0mScanning /Users/benediction/Desktop/doc/mt-platform/uploads/admin/training_datasets/archive/labels... 67 images, 0 backgrounds, 0 corrupt: 100% ━━━━━━━━━━━━ 67/67 1.5Kit/s 0.0s[K[34m[1mtrain: [0mScanning /Users/benediction/Desktop/doc/mt-platform/uploads/admin/training_datasets/archive/labels... 67 images, 0 backgrounds, 0 corrupt: 100% ━━━━━━━━━━━━ 67/67 1.5Kit/s 0.0s
[34m[1mtrain: [0mNew cache created: /Users/benediction/Desktop/doc/mt-platform/uploads/admin/training_datasets/archive/labels.cache
[34m[1mval: [0mFast image access ✅ (ping: 0.0±0.0 ms, read: 692.9±53.3 MB/s, size: 164.6 KB)
[K[34m[1mval: [0mScanning /Users/benediction/Desktop/doc/mt-platform/uploads/admin/training_datasets/archive/labels.cache... 67 images, 0 backgrounds, 0 corrupt: 100% ━━━━━━━━━━━━ 67/67 31.2Mit/s 0.0s[K[34m[1mval: [0mScanning /Users/benediction/Desktop/doc/mt-platform/uploads/admin/training_datasets/archive/labels.cache... 67 images, 0 backgrounds, 0 corrupt: 100% ━━━━━━━━━━━━ 67/67 3.2Mit/s 0.0s
Plotting labels to /Users/benediction/Desktop/doc/mt-platform/runs/admin/train/train_1783828773/labels.jpg... 
[34m[1moptimizer:[0m SGD(lr=0.01, momentum=0.937) with parameter groups 106 weight(decay=0.0), 113 weight(decay=0.0005), 112 bias(decay=0.0)
Image sizes 640 train, 640 val
Using 0 dataloader workers
Logging results to [1m/Users/benediction/Desktop/doc/mt-platform/runs/admin/train/train_1783828773[0m
Starting training for 100 epochs...

      Epoch    GPU_mem   box_loss   cls_loss   dfl_loss  Instances       Size
[K      1/100         0G      1.974      4.407      1.447        108        640: 0% ──────────── 0/34  3.6s[K      1/100         0G      1.998      4.424      1.475         83        640: 3% ──────────── 1/34 0.1it/s 6.2s<4:48[K      1/100         0G       1.74       4.47      1.337         77        640: 6% ╸─────────── 2/34 0.2it/s 8.6s<2:36[K      1/100         0G      1.734      4.465      1.301        131        640: 9% ━─────────── 3/34 0.3it/s 11.2s<1:59[K      1/100         0G      1.716      4.461      1.268        146        640: 12% ━─────────── 4/34 0.3it/s 13.7s<1:38[K      1/100         0G      1.698      4.442       1.27        126        640: 15% ━╸────────── 5/34 0.3it/s 16.3s<1:28[K      1/100         0G      1.762       4.42      1.289        254        640: 18% ━━────────── 6/34 0.3it/s 19.4s<1:26[K      1/100         0G      1.731      4.398      1.273        109        640: 21% ━━────────── 7/34 0.3it/s 22.6s<1:24[K      1/100         0G      1.756      4.401      1.273        231        640: 24% ━━╸───────── 8/34 0.3it/s 25.8s<1:22[K      1/100         0G      1.739       4.38      1.269        114        640: 26% ━━━───────── 9/34 0.3it/s 29.6s<1:23